<?xml version="1.0" encoding="UTF-8"?>
<!-- Generated by org.testng.reporters.JUnitXMLReporter -->
<testsuite ignored="0" hostname="LAPTOP-AJ375QKV" failures="0" tests="10" name="Default test" time="15.927" errors="0" timestamp="2024-05-01T21:43:53 IST">
  <testcase classname="api.test.DataDrivenTests" name="testPostUser" time="2.429"/>
  <testcase classname="api.test.DataDrivenTests" name="testPostUser" time="1.262"/>
  <testcase classname="api.test.DataDrivenTests" name="testPostUser" time="1.242"/>
  <testcase classname="api.test.DataDrivenTests" name="testPostUser" time="1.246"/>
  <testcase classname="api.test.DataDrivenTests" name="testPostUser" time="1.31"/>
  <testcase classname="api.test.DataDrivenTests" name="testDeleteUserByName" time="1.324"/>
  <testcase classname="api.test.DataDrivenTests" name="testDeleteUserByName" time="1.251"/>
  <testcase classname="api.test.DataDrivenTests" name="testDeleteUserByName" time="1.252"/>
  <testcase classname="api.test.DataDrivenTests" name="testDeleteUserByName" time="1.275"/>
  <testcase classname="api.test.DataDrivenTests" name="testDeleteUserByName" time="1.232"/>
</testsuite> <!-- Default test -->
