<?xml version="1.0" encoding="UTF-8"?>
<testng-results ignored="0" total="10" passed="10" failed="0" skipped="0">
  <reporter-output>
  </reporter-output>
  <suite started-at="2024-05-01T21:43:37 IST" name="Default suite" finished-at="2024-05-01T21:43:53 IST" duration-ms="15927">
    <groups>
    </groups>
    <test started-at="2024-05-01T21:43:37 IST" name="Default test" finished-at="2024-05-01T21:43:53 IST" duration-ms="15927">
      <class name="api.test.DataDrivenTests">
        <test-method signature="testPostUser(java.lang.String,java.lang.String,java.lang.String,java.lang.String,java.lang.String,java.lang.String,java.lang.String)[pri:1, instance:api.test.DataDrivenTests@306e95ec]" started-at="2024-05-01T21:43:39 IST" name="testPostUser" data-provider="Data" finished-at="2024-05-01T21:43:42 IST" duration-ms="2429" status="PASS">
          <params>
            <param index="0">
              <value>
                <![CDATA[1010]]>
              </value>
            </param>
            <param index="1">
              <value>
                <![CDATA[TestUser1]]>
              </value>
            </param>
            <param index="2">
              <value>
                <![CDATA[John]]>
              </value>
            </param>
            <param index="3">
              <value>
                <![CDATA[Mantarin]]>
              </value>
            </param>
            <param index="4">
              <value>
                <![CDATA[a@gmail.com]]>
              </value>
            </param>
            <param index="5">
              <value>
                <![CDATA[test@1]]>
              </value>
            </param>
            <param index="6">
              <value>
                <![CDATA[123456789]]>
              </value>
            </param>
          </params>
          <reporter-output>
          </reporter-output>
        </test-method> <!-- testPostUser -->
        <test-method signature="testPostUser(java.lang.String,java.lang.String,java.lang.String,java.lang.String,java.lang.String,java.lang.String,java.lang.String)[pri:1, instance:api.test.DataDrivenTests@306e95ec]" started-at="2024-05-01T21:43:42 IST" name="testPostUser" data-provider="Data" finished-at="2024-05-01T21:43:43 IST" duration-ms="1262" status="PASS">
          <params>
            <param index="0">
              <value>
                <![CDATA[1020]]>
              </value>
            </param>
            <param index="1">
              <value>
                <![CDATA[TestUser2]]>
              </value>
            </param>
            <param index="2">
              <value>
                <![CDATA[Bravo]]>
              </value>
            </param>
            <param index="3">
              <value>
                <![CDATA[Nicholas]]>
              </value>
            </param>
            <param index="4">
              <value>
                <![CDATA[b@gmail.com]]>
              </value>
            </param>
            <param index="5">
              <value>
                <![CDATA[test@2]]>
              </value>
            </param>
            <param index="6">
              <value>
                <![CDATA[123456790]]>
              </value>
            </param>
          </params>
          <reporter-output>
          </reporter-output>
        </test-method> <!-- testPostUser -->
        <test-method signature="testPostUser(java.lang.String,java.lang.String,java.lang.String,java.lang.String,java.lang.String,java.lang.String,java.lang.String)[pri:1, instance:api.test.DataDrivenTests@306e95ec]" started-at="2024-05-01T21:43:43 IST" name="testPostUser" data-provider="Data" finished-at="2024-05-01T21:43:44 IST" duration-ms="1242" status="PASS">
          <params>
            <param index="0">
              <value>
                <![CDATA[1030]]>
              </value>
            </param>
            <param index="1">
              <value>
                <![CDATA[TestUser3]]>
              </value>
            </param>
            <param index="2">
              <value>
                <![CDATA[Kevin]]>
              </value>
            </param>
            <param index="3">
              <value>
                <![CDATA[Bravo]]>
              </value>
            </param>
            <param index="4">
              <value>
                <![CDATA[c@gmail.com]]>
              </value>
            </param>
            <param index="5">
              <value>
                <![CDATA[test@3]]>
              </value>
            </param>
            <param index="6">
              <value>
                <![CDATA[123456791]]>
              </value>
            </param>
          </params>
          <reporter-output>
          </reporter-output>
        </test-method> <!-- testPostUser -->
        <test-method signature="testPostUser(java.lang.String,java.lang.String,java.lang.String,java.lang.String,java.lang.String,java.lang.String,java.lang.String)[pri:1, instance:api.test.DataDrivenTests@306e95ec]" started-at="2024-05-01T21:43:44 IST" name="testPostUser" data-provider="Data" finished-at="2024-05-01T21:43:46 IST" duration-ms="1246" status="PASS">
          <params>
            <param index="0">
              <value>
                <![CDATA[1040]]>
              </value>
            </param>
            <param index="1">
              <value>
                <![CDATA[TestUser4]]>
              </value>
            </param>
            <param index="2">
              <value>
                <![CDATA[Nicholas]]>
              </value>
            </param>
            <param index="3">
              <value>
                <![CDATA[John]]>
              </value>
            </param>
            <param index="4">
              <value>
                <![CDATA[d@gmail.com]]>
              </value>
            </param>
            <param index="5">
              <value>
                <![CDATA[test@4]]>
              </value>
            </param>
            <param index="6">
              <value>
                <![CDATA[123456792]]>
              </value>
            </param>
          </params>
          <reporter-output>
          </reporter-output>
        </test-method> <!-- testPostUser -->
        <test-method signature="testPostUser(java.lang.String,java.lang.String,java.lang.String,java.lang.String,java.lang.String,java.lang.String,java.lang.String)[pri:1, instance:api.test.DataDrivenTests@306e95ec]" started-at="2024-05-01T21:43:46 IST" name="testPostUser" data-provider="Data" finished-at="2024-05-01T21:43:47 IST" duration-ms="1310" status="PASS">
          <params>
            <param index="0">
              <value>
                <![CDATA[1050]]>
              </value>
            </param>
            <param index="1">
              <value>
                <![CDATA[TestUser5]]>
              </value>
            </param>
            <param index="2">
              <value>
                <![CDATA[Mantarin]]>
              </value>
            </param>
            <param index="3">
              <value>
                <![CDATA[Kevin]]>
              </value>
            </param>
            <param index="4">
              <value>
                <![CDATA[e@gmail.com]]>
              </value>
            </param>
            <param index="5">
              <value>
                <![CDATA[test@5]]>
              </value>
            </param>
            <param index="6">
              <value>
                <![CDATA[123456793]]>
              </value>
            </param>
          </params>
          <reporter-output>
          </reporter-output>
        </test-method> <!-- testPostUser -->
        <test-method signature="testDeleteUserByName(java.lang.String)[pri:2, instance:api.test.DataDrivenTests@306e95ec]" started-at="2024-05-01T21:43:47 IST" name="testDeleteUserByName" data-provider="UserNames" finished-at="2024-05-01T21:43:48 IST" duration-ms="1324" status="PASS">
          <params>
            <param index="0">
              <value>
                <![CDATA[TestUser1]]>
              </value>
            </param>
          </params>
          <reporter-output>
          </reporter-output>
        </test-method> <!-- testDeleteUserByName -->
        <test-method signature="testDeleteUserByName(java.lang.String)[pri:2, instance:api.test.DataDrivenTests@306e95ec]" started-at="2024-05-01T21:43:48 IST" name="testDeleteUserByName" data-provider="UserNames" finished-at="2024-05-01T21:43:50 IST" duration-ms="1251" status="PASS">
          <params>
            <param index="0">
              <value>
                <![CDATA[TestUser2]]>
              </value>
            </param>
          </params>
          <reporter-output>
          </reporter-output>
        </test-method> <!-- testDeleteUserByName -->
        <test-method signature="testDeleteUserByName(java.lang.String)[pri:2, instance:api.test.DataDrivenTests@306e95ec]" started-at="2024-05-01T21:43:50 IST" name="testDeleteUserByName" data-provider="UserNames" finished-at="2024-05-01T21:43:51 IST" duration-ms="1252" status="PASS">
          <params>
            <param index="0">
              <value>
                <![CDATA[TestUser3]]>
              </value>
            </param>
          </params>
          <reporter-output>
          </reporter-output>
        </test-method> <!-- testDeleteUserByName -->
        <test-method signature="testDeleteUserByName(java.lang.String)[pri:2, instance:api.test.DataDrivenTests@306e95ec]" started-at="2024-05-01T21:43:51 IST" name="testDeleteUserByName" data-provider="UserNames" finished-at="2024-05-01T21:43:52 IST" duration-ms="1275" status="PASS">
          <params>
            <param index="0">
              <value>
                <![CDATA[TestUser4]]>
              </value>
            </param>
          </params>
          <reporter-output>
          </reporter-output>
        </test-method> <!-- testDeleteUserByName -->
        <test-method signature="testDeleteUserByName(java.lang.String)[pri:2, instance:api.test.DataDrivenTests@306e95ec]" started-at="2024-05-01T21:43:52 IST" name="testDeleteUserByName" data-provider="UserNames" finished-at="2024-05-01T21:43:53 IST" duration-ms="1232" status="PASS">
          <params>
            <param index="0">
              <value>
                <![CDATA[TestUser5]]>
              </value>
            </param>
          </params>
          <reporter-output>
          </reporter-output>
        </test-method> <!-- testDeleteUserByName -->
      </class> <!-- api.test.DataDrivenTests -->
    </test> <!-- Default test -->
  </suite> <!-- Default suite -->
</testng-results>
