<?xml version="1.0" encoding="UTF-8"?>
<!-- Generated by org.testng.reporters.JUnitXMLReporter -->
<testsuite ignored="0" hostname="LAPTOP-AJ375QKV" failures="0" tests="4" name="PetTest" time="7.291" errors="0" timestamp="2024-04-29T20:17:16 IST">
  <testcase classname="api.test.UserTests" name="testPostUser" time="2.807"/>
  <testcase classname="api.test.UserTests" name="testGetUserByName" time="1.41"/>
  <testcase classname="api.test.UserTests" name="testUpdateUserByName" time="1.358"/>
  <testcase classname="api.test.UserTests" name="testDeleteUserByName" time="1.366"/>
</testsuite> <!-- PetTest -->
